<?xml version="1.0" encoding="UTF-8"?>
<!-- Generated by org.testng.reporters.JUnitReportReporter -->
<testsuite skipped="0" hostname="DESKTOP-HDVR3T6" name="tests.TestAddFiveEmployees" tests="1" failures="0" timestamp="13 Jun 2021 20:34:19 GMT" time="108.550" errors="0">
  <testcase name="addNewEmployees" time="108.550" classname="tests.TestAddFiveEmployees"/>
</testsuite> <!-- tests.TestAddFiveEmployees -->
