<?xml version="1.0" encoding="UTF-8"?>
<!-- Generated by org.testng.reporters.JUnitReportReporter -->
<testsuite skipped="0" hostname="DESKTOP-HDVR3T6" name="tests.TestChangeName" tests="1" failures="0" timestamp="08 Jun 2021 17:33:21 GMT" time="30.712" errors="0">
  <testcase name="testChangeName" time="30.712" classname="tests.TestChangeName"/>
</testsuite> <!-- tests.TestChangeName -->
