<?xml version="1.0" encoding="UTF-8"?>
<!-- Generated by org.testng.reporters.JUnitReportReporter -->
<testsuite skipped="0" hostname="DESKTOP-HDVR3T6" name="tests.TestDashboardUpperMenu" tests="9" failures="0" timestamp="13 Jun 2021 06:12:44 GMT" time="33.140" errors="0">
  <testcase name="testDashboard" time="1.237" classname="tests.TestDashboardUpperMenu"/>
  <testcase name="testShiftPlan" time="0.224" classname="tests.TestDashboardUpperMenu"/>
  <testcase name="testTimeClock" time="0.221" classname="tests.TestDashboardUpperMenu"/>
  <testcase name="testLeave" time="0.092" classname="tests.TestDashboardUpperMenu"/>
  <testcase name="testTraining" time="0.117" classname="tests.TestDashboardUpperMenu"/>
  <testcase name="testStaff" time="5.117" classname="tests.TestDashboardUpperMenu"/>
  <testcase name="testPayroll" time="10.150" classname="tests.TestDashboardUpperMenu"/>
  <testcase name="testReports" time="10.135" classname="tests.TestDashboardUpperMenu"/>
  <testcase name="testAvailability" time="5.847" classname="tests.TestDashboardUpperMenu"/>
</testsuite> <!-- tests.TestDashboardUpperMenu -->
