<?xml version="1.0" encoding="UTF-8"?>
<!-- Generated by org.testng.reporters.JUnitReportReporter -->
<testsuite skipped="0" hostname="DESKTOP-HDVR3T6" name="tests.TestUpperMenu" tests="9" failures="0" timestamp="07 Jun 2021 17:19:53 GMT" time="4.905" errors="0">
  <testcase name="testDashboard" time="0.202" classname="tests.TestUpperMenu"/>
  <testcase name="testShiftPlan" time="0.342" classname="tests.TestUpperMenu"/>
  <testcase name="testTimeClock" time="0.116" classname="tests.TestUpperMenu"/>
  <testcase name="testLeave" time="0.129" classname="tests.TestUpperMenu"/>
  <testcase name="testTraining" time="0.144" classname="tests.TestUpperMenu"/>
  <testcase name="testStaff" time="3.119" classname="tests.TestUpperMenu"/>
  <testcase name="testPayroll" time="0.127" classname="tests.TestUpperMenu"/>
  <testcase name="testReports" time="0.094" classname="tests.TestUpperMenu"/>
  <testcase name="testAvailability" time="0.632" classname="tests.TestUpperMenu"/>
</testsuite> <!-- tests.TestUpperMenu -->
