<?xml version="1.0" encoding="UTF-8"?>
<!-- Generated by org.testng.reporters.JUnitReportReporter -->
<testsuite skipped="0" hostname="DESKTOP-HDVR3T6" name="tests.TestAddEmployee" tests="2" failures="0" timestamp="13 Jun 2021 19:32:20 GMT" time="26.885" errors="0">
  <testcase name="testAddEmployee" time="4.498" classname="tests.TestAddEmployee"/>
  <testcase name="testChangeName" time="22.387" classname="tests.TestAddEmployee"/>
</testsuite> <!-- tests.TestAddEmployee -->
