<?xml version="1.0" encoding="UTF-8"?>
<!-- Generated by org.testng.reporters.JUnitReportReporter -->
<testsuite skipped="0" hostname="DESKTOP-HDVR3T6" name="tests.TestHumanityHeader" tests="9" failures="0" timestamp="13 Jun 2021 20:31:08 GMT" time="32.800" errors="0">
  <testcase name="testDashboard" time="0.957" classname="tests.TestHumanityHeader"/>
  <testcase name="testShiftPlan" time="0.264" classname="tests.TestHumanityHeader"/>
  <testcase name="testTimeClock" time="0.180" classname="tests.TestHumanityHeader"/>
  <testcase name="testLeave" time="0.124" classname="tests.TestHumanityHeader"/>
  <testcase name="testTraining" time="0.133" classname="tests.TestHumanityHeader"/>
  <testcase name="testStaff" time="5.146" classname="tests.TestHumanityHeader"/>
  <testcase name="testPayroll" time="10.162" classname="tests.TestHumanityHeader"/>
  <testcase name="testReports" time="10.127" classname="tests.TestHumanityHeader"/>
  <testcase name="testAvailability" time="5.707" classname="tests.TestHumanityHeader"/>
</testsuite> <!-- tests.TestHumanityHeader -->
