<?xml version="1.0" encoding="UTF-8"?>
<!-- Generated by org.testng.reporters.JUnitReportReporter -->
<testsuite skipped="0" hostname="DESKTOP-HDVR3T6" name="tests.TestLogIn" tests="1" failures="0" timestamp="07 Jun 2021 18:50:42 GMT" time="7.702" errors="0">
  <testcase name="testLogIn" time="7.702" classname="tests.TestLogIn"/>
</testsuite> <!-- tests.TestLogIn -->
