<?xml version="1.0" encoding="UTF-8"?>
<!-- Generated by org.testng.reporters.JUnitReportReporter -->
<testsuite skipped="0" hostname="DESKTOP-HDVR3T6" name="tests.TestHumanityDash" tests="8" failures="0" timestamp="07 Jun 2021 16:26:47 GMT" time="4.432" errors="0">
  <testcase name="testDashboard" time="0.222" classname="tests.TestHumanityDash"/>
  <testcase name="testShiftPlan" time="0.163" classname="tests.TestHumanityDash"/>
  <testcase name="testTimeClock" time="0.133" classname="tests.TestHumanityDash"/>
  <testcase name="testLeave" time="0.098" classname="tests.TestHumanityDash"/>
  <testcase name="testTraining" time="0.092" classname="tests.TestHumanityDash"/>
  <testcase name="testStaff" time="3.095" classname="tests.TestHumanityDash"/>
  <testcase name="testPayroll" time="0.102" classname="tests.TestHumanityDash"/>
  <testcase name="testAvailability" time="0.527" classname="tests.TestHumanityDash"/>
</testsuite> <!-- tests.TestHumanityDash -->
