<?xml version="1.0" encoding="UTF-8"?>
<!-- Generated by org.testng.reporters.JUnitReportReporter -->
<testsuite skipped="0" hostname="DESKTOP-HDVR3T6" name="tests.TestAboutUsLogin" tests="2" failures="0" timestamp="13 Jun 2021 20:30:10 GMT" time="13.054" errors="0">
  <testcase name="testAboutUs" time="4.340" classname="tests.TestAboutUsLogin"/>
  <testcase name="testLogIn" time="8.714" classname="tests.TestAboutUsLogin"/>
</testsuite> <!-- tests.TestAboutUsLogin -->
