<?xml version="1.0" encoding="UTF-8"?>
<!-- Generated by org.testng.reporters.JUnitReportReporter -->
<testsuite skipped="0" hostname="DESKTOP-HDVR3T6" name="tests.TestHome" tests="2" failures="0" timestamp="07 Jun 2021 18:22:32 GMT" time="10.528" errors="0">
  <testcase name="testAboutUs" time="4.456" classname="tests.TestHome"/>
  <testcase name="testLogIn" time="6.072" classname="tests.TestHome"/>
</testsuite> <!-- tests.TestHome -->
