<?xml version="1.0" encoding="UTF-8"?>
<!-- Generated by org.testng.reporters.JUnitReportReporter -->
<testsuite skipped="0" hostname="DESKTOP-HDVR3T6" name="tests.TestAddStaffChangeName" tests="2" failures="0" timestamp="13 Jun 2021 20:32:04 GMT" time="26.698" errors="0">
  <testcase name="testAddEmployee" time="4.563" classname="tests.TestAddStaffChangeName"/>
  <testcase name="testChangeName" time="22.135" classname="tests.TestAddStaffChangeName"/>
</testsuite> <!-- tests.TestAddStaffChangeName -->
