<?xml version="1.0" encoding="UTF-8"?>
<!-- Generated by org.testng.reporters.JUnitReportReporter -->
<testsuite skipped="0" hostname="DESKTOP-HDVR3T6" name="tests.TestSettings" tests="2" failures="0" timestamp="13 Jun 2021 19:42:31 GMT" time="15.567" errors="0">
  <testcase name="testChangeLang" time="15.436" classname="tests.TestSettings"/>
  <testcase name="testdisableNotif" time="0.131" classname="tests.TestSettings"/>
</testsuite> <!-- tests.TestSettings -->
