<?xml version="1.0" encoding="UTF-8"?>
<!-- Generated by org.testng.reporters.JUnitReportReporter -->
<testsuite skipped="0" hostname="DESKTOP-HDVR3T6" name="tests.TestSettingsLangNotif" tests="2" failures="0" timestamp="13 Jun 2021 20:36:01 GMT" time="16.067" errors="0">
  <testcase name="testChangeLang" time="15.486" classname="tests.TestSettingsLangNotif"/>
  <testcase name="testdisableNotif" time="0.581" classname="tests.TestSettingsLangNotif"/>
</testsuite> <!-- tests.TestSettingsLangNotif -->
