<?xml version="1.0" encoding="UTF-8"?>
<!-- Generated by org.testng.reporters.JUnitReportReporter -->
<testsuite skipped="0" hostname="DESKTOP-HDVR3T6" name="tests.TestProfileSettings" tests="1" failures="0" timestamp="13 Jun 2021 20:36:29 GMT" time="5.095" errors="0">
  <testcase name="testEditProfile" time="5.095" classname="tests.TestProfileSettings"/>
</testsuite> <!-- tests.TestProfileSettings -->
